%!Adobe-FontList 1.11.3
%Locale:0x804

%BeginFont
Handler:DirectoryHandler
FontType:TrueType
FontName:FangSong_GB2312
FamilyName:FangSong_GB2312
StyleName:Regular
FullName:FangSong_GB2312
MenuName:仿宋_GB2312
StyleBits:0
FamilyNameNative:仿宋_GB2312
StyleNameNative:Regular
FullNameNative:仿宋_GB2312
WritingScript:SimplifiedChinese
OutlineFileName:D:\PTC\Creo2.0_config\config_files\pro_font_dir\\simfang.ttf
DataFormat:sfntData
FileLength:3996872
FileModTime:1221649680
WeightClass:400
WidthClass:5
AngleClass:0
%EndFont

